Arguments: 
  C:\Program Files\nodejs\node.exe C:\Users\andrea.terzani\AppData\Roaming\npm\node_modules\yarn\bin\yarn.js install

PATH: 
  C:\Program Files\ConEmu\ConEmu\Scripts;C:\Program Files\ConEmu;C:\Program Files\ConEmu\ConEmu;C:\ProgramData\Oracle\Java\javapath;C:\Users\andrea.terzani\AppData\Local\Programs\Python\Python36-32\Scripts;C:\Users\andrea.terzani\AppData\Local\Programs\Python\Python36-32;C:\Program Files\Java\jdk1.8.0_73\bin;C:\Users\andrea.terzani\Desktop;C:\Users\andrea.terzani\AppData\Local\atom\bin;C:\Users\andrea.terzani\AppData\Roaming\npm;C:\Program Files (x86)\Microsoft VS Code\bin;C:\Users\andrea.terzani\AppData\Local\Programs\Python\Python35;C:\oracle\product\11.2.0\client_1\bin;C:\WINDOWS\system32;C:\WINDOWS;C:\WINDOWS\System32\Wbem;C:\WINDOWS\System32\WindowsPowerShell\v1.0\;C:\Program Files\PuTTY\;C:\Users\andrea.terzani\AppData\Local\Programs\Git\cmd;C:\Program Files\nodejs\;C:\Program Files (x86)\Windows Kits\8.1\Windows Performance Toolkit\;C:\RailsInstaller\Ruby2.3.3\bin;C:\Users\andrea.terzani\AppData\Local\Programs\Python\Python36-32\Scripts\;C:\Users\andrea.terzani\AppData\Local\Programs\Python\Python36-32\;C:\RailsInstaller\Ruby2.3.0\bin;C:\Users\andrea.terzani\AppData\Local\Programs\Python\Python35\Scripts\;C:\Users\andrea.terzani\AppData\Local\Programs\Python\Python35\;C:\RailsInstaller\Git\cmd;C:\RailsInstaller\Ruby2.2.0\bin;C:\Ruby22\bin;C:\Users\andrea.terzani\AppData\Local\.meteor\;C:\Program;C:\grails\grails-3.1.1\bin;C:\Program Files\Java\jdk1.8.0_73\bin;C:\Users\andrea.terzani\Desktop;C:\Users\andrea.terzani\AppData\Local\atom\bin;C:\Program Files (x86)\Microsoft VS Code\bin;C:\Program Files (x86)\Graphviz2.38\bin;C:\Users\andrea.terzani\AppData\Local\Programs\Python\Python35;C:\oracle\product\11.2.0\client_1\bin;C:\oracle\product\11.2.0\client_1;c:\uncrustify;C:\Users\andrea.terzani\AppData\Roaming\npm

Yarn version: 
  1.0.0

Node version: 
  9.1.0

Platform: 
  win32 x64

npm manifest: 
  {
    "name": "adonis-fullstack-app",
    "version": "4.0.0",
    "adonis-version": "4.0.0",
    "description": "The fullstack application boilerplate for Adonisjs",
    "main": "index.js",
    "scripts": {
      "start": "node server.js",
      "test": "node ace test",
      "build": "webpack",
      "dev": "webpack --watch"
    },
    "keywords": [
      "adonisjs",
      "adonis-app"
    ],
    "author": "",
    "license": "UNLICENSED",
    "private": true,
    "dependencies": {
      "@adonisjs/ace": "^4.0.7",
      "@adonisjs/auth": "^2.0.10",
      "@adonisjs/bodyparser": "^2.0.0",
      "@adonisjs/cors": "^1.0.3",
      "@adonisjs/fold": "^4.0.5",
      "@adonisjs/framework": "^4.0.28",
      "@adonisjs/ignitor": "^1.0.14",
      "@adonisjs/lucid": "^4.0.24",
      "@adonisjs/redis": "^2.0.3",
      "@adonisjs/session": "^1.0.19",
      "@adonisjs/shield": "^1.0.4",
      "bulma": "^0.6.2",
      "socket.io": "^2.0.4",
      "vue": "^2.5.3",
      "vue-chat-scroll": "^1.2.1",
      "vue-moment": "^3.1.0",
      "vue-router": "^3.0.1",
      "vue-socket.io": "^2.1.1-b"
    },
    "devDependencies": {
      "asciidoctor.js": "^1.5.6-preview.4",
      "autoprefixer": "^7.2.5",
      "babel-core": "^6.26.0",
      "babel-loader": "^7.1.2",
      "babel-preset-env": "^1.6.1",
      "chalk": "^2.3.0",
      "cli-progress": "^1.6.0",
      "css-loader": "^0.28.7",
      "extract-text-webpack-plugin": "^3.0.2",
      "gray-matter": "^3.1.1",
      "imports-loader": "^0.7.1",
      "klaw": "^2.1.0",
      "mute": "^2.0.6",
      "node-sass": "^4.6.0",
      "postcss-loader": "^2.0.10",
      "precss": "^3.0.0",
      "sass-loader": "^6.0.6",
      "style-loader": "^0.19.1",
      "through2": "^2.0.3",
      "vue-loader": "^13.5.0",
      "vue-template-compiler": "^2.5.3",
      "watch": "^1.0.2",
      "webpack": "^3.8.1",
      "webpack-shell-plugin": "^0.5.0"
    },
    "autoload": {
      "App": "./app"
    }
  }

yarn manifest: 
  No manifest

Lockfile: 
  No lockfile

Trace: 
  Error: read ECONNRESET
      at _errnoException (util.js:1031:13)
      at TLSWrap.onread (net.js:619:25)
